# JRE version: Java(TM) SE Runtime Environment (8.0_73-b02) (build 1.8.0_73-b02)
# Java VM: Java HotSpot(TM) 64-Bit Server VM (25.73-b02 mixed mode windows-amd64 compressed oops)
Heap:
 PSYoungGen      total 163840K, used 7760K [0x00000000d6e00000, 0x00000000e3800000, 0x0000000100000000)
  eden space 151552K, 5% used [0x00000000d6e00000,0x00000000d7594110,0x00000000e0200000)
  from space 12288K, 0% used [0x00000000e0e00000,0x00000000e0e00000,0x00000000e1a00000)
  to   space 12288K, 0% used [0x00000000e0200000,0x00000000e0200000,0x00000000e0e00000)
 ParOldGen       total 85504K, used 16321K [0x0000000084a00000, 0x0000000089d80000, 0x00000000d6e00000)
  object space 85504K, 19% used [0x0000000084a00000,0x00000000859f0408,0x0000000089d80000)
 Metaspace       used 35434K, capacity 35826K, committed 36352K, reserved 1081344K
  class space    used 4363K, capacity 4517K, committed 4608K, reserved 1048576K
GC Heap History (10 events):
Event: 2.636 GC heap before
{Heap before GC invocations=6 (full 1):
 PSYoungGen      total 68608K, used 5104K [0x00000000d6e00000, 0x00000000dfe00000, 0x0000000100000000)
  eden space 63488K, 0% used [0x00000000d6e00000,0x00000000d6e00000,0x00000000dac00000)
  from space 5120K, 99% used [0x00000000dac00000,0x00000000db0fc030,0x00000000db100000)
  to   space 10240K, 0% used [0x00000000df400000,0x00000000df400000,0x00000000dfe00000)
 ParOldGen       total 84992K, used 11157K [0x0000000084a00000, 0x0000000089d00000, 0x00000000d6e00000)
  object space 84992K, 13% used [0x0000000084a00000,0x00000000854e57c8,0x0000000089d00000)
 Metaspace       used 20915K, capacity 21142K, committed 21296K, reserved 1069056K
  class space    used 2561K, capacity 2662K, committed 2688K, reserved 1048576K
Event: 2.694 GC heap after
Heap after GC invocations=6 (full 1):
 PSYoungGen      total 68608K, used 0K [0x00000000d6e00000, 0x00000000dfe00000, 0x0000000100000000)
  eden space 63488K, 0% used [0x00000000d6e00000,0x00000000d6e00000,0x00000000dac00000)
  from space 5120K, 0% used [0x00000000dac00000,0x00000000dac00000,0x00000000db100000)
  to   space 10240K, 0% used [0x00000000df400000,0x00000000df400000,0x00000000dfe00000)
 ParOldGen       total 58368K, used 9802K [0x0000000084a00000, 0x0000000088300000, 0x00000000d6e00000)
  object space 58368K, 16% used [0x0000000084a00000,0x0000000085392b50,0x0000000088300000)
 Metaspace       used 20915K, capacity 21142K, committed 21296K, reserved 1069056K
  class space    used 2561K, capacity 2662K, committed 2688K, reserved 1048576K
}
Event: 6.267 GC heap before
{Heap before GC invocations=7 (full 1):
 PSYoungGen      total 68608K, used 63488K [0x00000000d6e00000, 0x00000000dfe00000, 0x0000000100000000)
  eden space 63488K, 100% used [0x00000000d6e00000,0x00000000dac00000,0x00000000dac00000)
  from space 5120K, 0% used [0x00000000dac00000,0x00000000dac00000,0x00000000db100000)
  to   space 10240K, 0% used [0x00000000df400000,0x00000000df400000,0x00000000dfe00000)
 ParOldGen       total 58368K, used 9802K [0x0000000084a00000, 0x0000000088300000, 0x00000000d6e00000)
  object space 58368K, 16% used [0x0000000084a00000,0x0000000085392b50,0x0000000088300000)
 Metaspace       used 27301K, capacity 27644K, committed 27904K, reserved 1073152K
  class space    used 3387K, capacity 3504K, committed 3584K, reserved 1048576K
Event: 6.277 GC heap after
Heap after GC invocations=7 (full 1):
 PSYoungGen      total 107520K, used 7240K [0x00000000d6e00000, 0x00000000dfb80000, 0x0000000100000000)
  eden space 99840K, 0% used [0x00000000d6e00000,0x00000000d6e00000,0x00000000dcf80000)
  from space 7680K, 94% used [0x00000000df400000,0x00000000dfb121c0,0x00000000dfb80000)
  to   space 9728K, 0% used [0x00000000de880000,0x00000000de880000,0x00000000df200000)
 ParOldGen       total 58368K, used 9810K [0x0000000084a00000, 0x0000000088300000, 0x00000000d6e00000)
  object space 58368K, 16% used [0x0000000084a00000,0x0000000085394b50,0x0000000088300000)
 Metaspace       used 27301K, capacity 27644K, committed 27904K, reserved 1073152K
  class space    used 3387K, capacity 3504K, committed 3584K, reserved 1048576K
}
Event: 9.673 GC heap before
{Heap before GC invocations=8 (full 1):
 PSYoungGen      total 107520K, used 107080K [0x00000000d6e00000, 0x00000000dfb80000, 0x0000000100000000)
  eden space 99840K, 100% used [0x00000000d6e00000,0x00000000dcf80000,0x00000000dcf80000)
  from space 7680K, 94% used [0x00000000df400000,0x00000000dfb121c0,0x00000000dfb80000)
  to   space 9728K, 0% used [0x00000000de880000,0x00000000de880000,0x00000000df200000)
 ParOldGen       total 58368K, used 9810K [0x0000000084a00000, 0x0000000088300000, 0x00000000d6e00000)
  object space 58368K, 16% used [0x0000000084a00000,0x0000000085394b50,0x0000000088300000)
 Metaspace       used 32791K, capacity 33106K, committed 33408K, reserved 1079296K
  class space    used 4027K, capacity 4121K, committed 4224K, reserved 1048576K
Event: 9.692 GC heap after
Heap after GC invocations=8 (full 1):
 PSYoungGen      total 135168K, used 9699K [0x00000000d6e00000, 0x00000000e1a00000, 0x0000000100000000)
  eden space 125440K, 0% used [0x00000000d6e00000,0x00000000d6e00000,0x00000000de880000)
  from space 9728K, 99% used [0x00000000de880000,0x00000000df1f8cb0,0x00000000df200000)
  to   space 12288K, 0% used [0x00000000e0e00000,0x00000000e0e00000,0x00000000e1a00000)
 ParOldGen       total 58368K, used 12784K [0x0000000084a00000, 0x0000000088300000, 0x00000000d6e00000)
  object space 58368K, 21% used [0x0000000084a00000,0x000000008567c3b0,0x0000000088300000)
 Metaspace       used 32791K, capacity 33106K, committed 33408K, reserved 1079296K
  class space    used 4027K, capacity 4121K, committed 4224K, reserved 1048576K
}
Event: 16.487 GC heap before
{Heap before GC invocations=9 (full 1):
 PSYoungGen      total 135168K, used 58130K [0x00000000d6e00000, 0x00000000e1a00000, 0x0000000100000000)
  eden space 125440K, 38% used [0x00000000d6e00000,0x00000000d9d4be38,0x00000000de880000)
  from space 9728K, 99% used [0x00000000de880000,0x00000000df1f8cb0,0x00000000df200000)
  to   space 12288K, 0% used [0x00000000e0e00000,0x00000000e0e00000,0x00000000e1a00000)
 ParOldGen       total 58368K, used 12784K [0x0000000084a00000, 0x0000000088300000, 0x00000000d6e00000)
  object space 58368K, 21% used [0x0000000084a00000,0x000000008567c3b0,0x0000000088300000)
 Metaspace       used 34896K, capacity 35202K, committed 35456K, reserved 1081344K
  class space    used 4294K, capacity 4413K, committed 4480K, reserved 1048576K
Event: 16.501 GC heap after
Heap after GC invocations=9 (full 1):
 PSYoungGen      total 163840K, used 8953K [0x00000000d6e00000, 0x00000000e3800000, 0x0000000100000000)
  eden space 151552K, 0% used [0x00000000d6e00000,0x00000000d6e00000,0x00000000e0200000)
  from space 12288K, 72% used [0x00000000e0e00000,0x00000000e16be5c8,0x00000000e1a00000)
  to   space 12288K, 0% used [0x00000000e0200000,0x00000000e0200000,0x00000000e0e00000)
 ParOldGen       total 58368K, used 12792K [0x0000000084a00000, 0x0000000088300000, 0x00000000d6e00000)
  object space 58368K, 21% used [0x0000000084a00000,0x000000008567e3b0,0x0000000088300000)
 Metaspace       used 34896K, capacity 35202K, committed 35456K, reserved 1081344K
  class space    used 4294K, capacity 4413K, committed 4480K, reserved 1048576K
}
Event: 16.501 GC heap before
{Heap before GC invocations=10 (full 2):
 PSYoungGen      total 163840K, used 8953K [0x00000000d6e00000, 0x00000000e3800000, 0x0000000100000000)
  eden space 151552K, 0% used [0x00000000d6e00000,0x00000000d6e00000,0x00000000e0200000)
  from space 12288K, 72% used [0x00000000e0e00000,0x00000000e16be5c8,0x00000000e1a00000)
  to   space 12288K, 0% used [0x00000000e0200000,0x00000000e0200000,0x00000000e0e00000)
 ParOldGen       total 58368K, used 12792K [0x0000000084a00000, 0x0000000088300000, 0x00000000d6e00000)
  object space 58368K, 21% used [0x0000000084a00000,0x000000008567e3b0,0x0000000088300000)
 Metaspace       used 34896K, capacity 35202K, committed 35456K, reserved 1081344K
  class space    used 4294K, capacity 4413K, committed 4480K, reserved 1048576K
Event: 16.610 GC heap after
Heap after GC invocations=10 (full 2):
 PSYoungGen      total 163840K, used 0K [0x00000000d6e00000, 0x00000000e3800000, 0x0000000100000000)
  eden space 151552K, 0% used [0x00000000d6e00000,0x00000000d6e00000,0x00000000e0200000)
  from space 12288K, 0% used [0x00000000e0e00000,0x00000000e0e00000,0x00000000e1a00000)
  to   space 12288K, 0% used [0x00000000e0200000,0x00000000e0200000,0x00000000e0e00000)
 ParOldGen       total 85504K, used 16321K [0x0000000084a00000, 0x0000000089d80000, 0x00000000d6e00000)
  object space 85504K, 19% used [0x0000000084a00000,0x00000000859f0408,0x0000000089d80000)
 Metaspace       used 34896K, capacity 35202K, committed 35456K, reserved 1081344K
  class space    used 4294K, capacity 4413K, committed 4480K, reserved 1048576K
}

